<?xml version="1.0" encoding="UTF-8"?>
<Site BuildName="Win32-MSBuild"
	BuildStamp="20251110-0144-Experimental"
	Name="Aegis-Leapfrog"
	Generator="ctest-4.1.1"
	CompilerName="C:/Program Files (x86)/Microsoft Visual Studio/2022/BuildTools/VC/Tools/MSVC/14.44.35207/bin/Hostx64/x64/cl.exe"
	CompilerVersion="19.44.35217.0"
	OSName="Windows"
	Hostname="Aegis-Leapfrog"
	OSRelease=" Personal"
	OSVersion=" (Build 26100)"
	OSPlatform="AMD64"
	Is64Bits="1"
	VendorString="AuthenticAMD"
	VendorID="Advanced Micro Devices"
	FamilyID="15"
	ModelID="4"
	ModelName="AMD Ryzen 7 7840HS w/ Radeon 780M Graphics"
	ProcessorCacheSize="64"
	NumberOfLogicalCPU="16"
	NumberOfPhysicalCPU="8"
	TotalVirtualMemory="22708"
	TotalPhysicalMemory="15540"
	LogicalProcessorsPerPhysical="2"
	ProcessorClockFrequency="3801"
	>
	<Testing>
		<StartDateTime>Nov 09 18:58 Pacific Standard Time</StartDateTime>
		<StartTestTime>1762743497</StartTestTime>
		<TestList/>
		<EndDateTime>Nov 09 18:58 Pacific Standard Time</EndDateTime>
		<EndTestTime>1762743497</EndTestTime>
		<ElapsedMinutes>0</ElapsedMinutes>
	</Testing>
</Site>
